<?xml version="1.0" encoding="UTF-8"?>
<!-- Generated by org.testng.reporters.JUnitReportReporter -->
<testsuite hostname="tester3" name="test.fbs.com.TestRegistration" tests="5" failures="0" timestamp="11 Aug 2015 13:22:37 GMT" time="0.003" errors="0">
  <testcase name="microRegistration" time="0.001" classname="test.fbs.com.TestRegistration"/>
  <testcase name="standartRegistration" time="0.001" classname="test.fbs.com.TestRegistration"/>
  <testcase name="zeroSpreadRegistration" time="0.000" classname="test.fbs.com.TestRegistration"/>
  <testcase name="centRegistration" time="0.000" classname="test.fbs.com.TestRegistration"/>
  <testcase name="unlimSpreadRegistration" time="0.001" classname="test.fbs.com.TestRegistration"/>
</testsuite> <!-- test.fbs.com.TestRegistration -->
