<?xml version="1.0" encoding="UTF-8"?>
<!-- Generated by org.testng.reporters.JUnitReportReporter -->
<testsuite hostname="tester3" name="test.fbs.com.TestAuthentication" tests="3" failures="0" timestamp="12 Aug 2015 13:33:18 GMT" time="6.313" errors="0">
  <testcase name="openCabinetURL" time="3.281" classname="test.fbs.com.TestAuthentication"/>
  <testcase name="authTry" time="1.194" classname="test.fbs.com.TestAuthentication"/>
  <testcase name="logonSuccess" time="1.838" classname="test.fbs.com.TestAuthentication"/>
</testsuite> <!-- test.fbs.com.TestAuthentication -->
