<?xml version="1.0" encoding="UTF-8"?>
<!-- Generated by org.testng.reporters.JUnitReportReporter -->
<testsuite hostname="tester3" name="test.fbs.com.TestAuthentication" tests="4" failures="0" timestamp="11 Aug 2015 13:22:37 GMT" time="0.003" errors="0">
  <testcase name="authBadLogin" time="0.001" classname="test.fbs.com.TestAuthentication"/>
  <testcase name="authBadLoginPass" time="0.002" classname="test.fbs.com.TestAuthentication"/>
  <testcase name="authBadPass" time="0.000" classname="test.fbs.com.TestAuthentication"/>
  <testcase name="authSuccess" time="0.000" classname="test.fbs.com.TestAuthentication"/>
</testsuite> <!-- test.fbs.com.TestAuthentication -->
